<?xml version="1.0" encoding="UTF-8"?>
<beans xmlns="http://www.springframework.org/schema/beans"
	   xmlns:xsi="http://www.w3.org/2001/XMLSchema-instance"
	   xmlns:context="http://www.springframework.org/schema/context"
	   xmlns:tx="http://www.springframework.org/schema/tx"
	   xsi:schemaLocation="http://www.springframework.org/schema/beans http://www.springframework.org/schema/beans/spring-beans.xsd
		                   http://www.springframework.org/schema/context http://www.springframework.org/schema/context/spring-context-4.3.xsd
		                   http://www.springframework.org/schema/tx http://www.springframework.org/schema/tx/spring-tx-4.3.xsd">

	<context:component-scan base-package="sp.data" />

	<!-- data source for our database -->
	<bean id="testDataSource" class="org.springframework.jdbc.datasource.DriverManagerDataSource">
		<property name="driverClassName" value="com.mysql.cj.jdbc.Driver" />
		<property name="url" value="jdbc:mysql://localhost:3306/sp_test?useSSL=false&amp;autoReconnect=true&amp;useJDBCCompliantTimezoneShift=false&amp;useLegacyDatetimeCode=false&amp;serverTimezone=Europe/Kiev&amp;characterEncoding=UTF-8&amp;useUnicode=true" />
		<property name="username" value="root" />
		<property name="password" value="root" />
	</bean>

	<!-- for logging and asserting SQL queries -->
	<bean id="proxyDataSource" class="net.ttddyy.dsproxy.support.ProxyDataSource">
		<property name="dataSource" ref="testDataSource"/>
		<property name="listener">
			<bean class="net.ttddyy.dsproxy.listener.ChainListener">
				<property name="listeners">
					<list>
						<bean class="net.ttddyy.dsproxy.listener.CommonsQueryLoggingListener">
							<!--<property name="logLevel" value="INFO"/>-->
						</bean>
						<bean class="net.ttddyy.dsproxy.listener.DataSourceQueryCountListener"/>
					</list>
				</property>
			</bean>
		</property>
	</bean>

	<alias name="proxyDataSource" alias="dataSource"/>

	<bean id="sessionFactory" class="org.springframework.orm.hibernate5.LocalSessionFactoryBean">
		<property name="dataSource" ref="dataSource" />
		<property name="packagesToScan" value="sp.data.entities"/>

		<property name="hibernateProperties">
			<props>
				<prop key="hibernate.max_fetch_depth">3</prop>
				<prop key="hibernate.show_sql">true</prop>
				<prop key="hibernate.format_sql">false</prop>
				<prop key="hibernate.cache.use_second_level_cache">false</prop>
				<!--<prop key="hibernate.cache.region.factory_class">org.hibernate.cache.ehcache.SingletonEhCacheRegionFactory</prop>-->
				<prop key="hibernate.enable_lazy_load_no_trans">true</prop>
				<prop key="hibernate.dialect">org.hibernate.dialect.MySQLDialect</prop>
				<prop key="hibernate.hbm2ddl.auto">create</prop>
			</props>
		</property>
	</bean>


	<bean id="transactionManager" class="org.springframework.orm.hibernate5.HibernateTransactionManager">
		<property name="sessionFactory" ref="sessionFactory"/>
		<property name="dataSource" ref="dataSource"/>
	</bean>

	<tx:annotation-driven transaction-manager="transactionManager"/>

</beans>
